<?xml version="1.0" encoding="UTF-8"?>
<!-- Generated by org.testng.reporters.JUnitReportReporter -->
<testsuite ignored="0" hostname="COL-LT-6K6FWL3" failures="0" tests="1" name="prueba.pruebaTest" time="24.829" errors="0" timestamp="20 ene. 2024 15:32:53 GMT" skipped="0">
  <testcase classname="prueba.pruebaTest" name="f" time="24.829"/>
</testsuite> <!-- prueba.pruebaTest -->
